<?xml version="1.0" encoding="UTF-8"?>
<!-- Generated by org.testng.reporters.JUnitReportReporter -->
<testsuite hostname="DESKTOP-1J07LNA" failures="0" tests="2" name="com.sqa.qa.testcases.AddCustomerTest" time="24.540" errors="0" timestamp="11 Mar 2024 08:51:31 GMT" skipped="0">
  <testcase classname="com.sqa.qa.testcases.AddCustomerTest" name="AddCustomer_NotExist" time="10.251"/>
  <testcase classname="com.sqa.qa.testcases.AddCustomerTest" name="AddCustomer_Exist" time="14.289"/>
</testsuite> <!-- com.sqa.qa.testcases.AddCustomerTest -->
