<?xml version="1.0" encoding="UTF-8"?>
<!-- Generated by org.testng.reporters.JUnitReportReporter -->
<testsuite hostname="DESKTOP-1J07LNA" failures="0" tests="1" name="com.sqa.qa.testcases.CustomerLoginTest" time="8.736" errors="0" timestamp="08 Mar 2024 17:17:54 GMT" skipped="0">
  <testcase classname="com.sqa.qa.testcases.CustomerLoginTest" name="customerlogin" time="8.736"/>
</testsuite> <!-- com.sqa.qa.testcases.CustomerLoginTest -->
