<?xml version="1.0" encoding="UTF-8"?>
<!-- Generated by org.testng.reporters.JUnitReportReporter -->
<testsuite hostname="DESKTOP-1J07LNA" failures="0" tests="1" name="com.sqa.qa.testcases.CustomersPageTest" time="7.984" errors="0" timestamp="08 Mar 2024 17:17:54 GMT" skipped="0">
  <testcase classname="com.sqa.qa.testcases.CustomersPageTest" name="DeleteCustomerEntry" time="7.984"/>
</testsuite> <!-- com.sqa.qa.testcases.CustomersPageTest -->
