<?xml version="1.0" encoding="UTF-8"?>
<!-- Generated by org.testng.reporters.JUnitReportReporter -->
<testsuite hostname="DESKTOP-1J07LNA" failures="0" tests="2" name="com.sqa.qa.testcases.AddCustomerTest" time="22.572" errors="0" timestamp="08 Mar 2024 17:17:54 GMT" skipped="0">
  <testcase classname="com.sqa.qa.testcases.AddCustomerTest" name="AddCustomer_NotExist" time="11.282"/>
  <testcase classname="com.sqa.qa.testcases.AddCustomerTest" name="AddCustomer_Exist" time="11.290"/>
</testsuite> <!-- com.sqa.qa.testcases.AddCustomerTest -->
